2026-03-10 18:51:40,091 [ERROR][_create_connection]: Failed to create new connection using: 95b6fb1c3d1f48fabacdc1d817b456bc (milvus_client.py:916)
RAG pipeline error: No module named 'milvus_lite'
Traceback (most recent call last):
  File "d:\RAG_chatbot\backend\app\services\rag_service.py", line 69, in generate_rag_response
    relevant_chunks = query_similar_chunks(
                      ^^^^^^^^^^^^^^^^^^^^^
  File "d:\RAG_chatbot\backend\app\services\vector_service.py", line 81, in query_similar_chunks
    client = _get_client()
             ^^^^^^^^^^^^^
  File "d:\RAG_chatbot\backend\app\services\vector_service.py", line 20, in _get_client
    _client = MilvusClient(uri=db_path)
              ^^^^^^^^^^^^^^^^^^^^^^^^^
  File "D:\RAG_chatbot\backend\venv\Lib\site-packages\pymilvus\milvus_client\milvus_client.py", line 64, in __init__
    self._using = self._create_connection(
                  ^^^^^^^^^^^^^^^^^^^^^^^^
  File "D:\RAG_chatbot\backend\venv\Lib\site-packages\pymilvus\milvus_client\milvus_client.py", line 917, in _create_connection
    raise ex from ex
  File "D:\RAG_chatbot\backend\venv\Lib\site-packages\pymilvus\milvus_client\milvus_client.py", line 914, in _create_connection
    connections.connect(using, user, password, db_name, token, uri=uri, **kwargs)
  File "D:\RAG_chatbot\backend\venv\Lib\site-packages\pymilvus\orm\connections.py", line 388, in connect
    from milvus_lite.server_manager import (
ModuleNotFoundError: No module named 'milvus_lite'
